<?xml version="1.0" encoding="UTF-8"?>
<coverage generated="1700638986811" clover="3.2.0">
  <project timestamp="1700638986811" name="All files">
    <metrics statements="117" coveredstatements="110" conditionals="65" coveredconditionals="59" methods="62" coveredmethods="57" elements="244" coveredelements="226" complexity="0" loc="117" ncloc="117" packages="5" files="19" classes="19"/>
    <package name="components">
      <metrics statements="23" coveredstatements="23" conditionals="6" coveredconditionals="6" methods="12" coveredmethods="12"/>
      <file name="Application.js" path="/Users/linkwithlionhart/Library/Mobile Documents/com~apple~CloudDocs/Repos/lighthouse/React/scheduler-react/scheduler-2023/src/components/Application.js">
        <metrics statements="5" coveredstatements="5" conditionals="0" coveredconditionals="0" methods="2" coveredmethods="2"/>
        <line num="22" count="11" type="stmt"/>
        <line num="24" count="11" type="stmt"/>
        <line num="26" count="11" type="stmt"/>
        <line num="28" count="14" type="stmt"/>
        <line num="41" count="11" type="stmt"/>
      </file>
      <file name="Button.js" path="/Users/linkwithlionhart/Library/Mobile Documents/com~apple~CloudDocs/Repos/lighthouse/React/scheduler-react/scheduler-2023/src/components/Button.js">
        <metrics statements="2" coveredstatements="2" conditionals="0" coveredconditionals="0" methods="1" coveredmethods="1"/>
        <line num="8" count="41" type="stmt"/>
        <line num="13" count="41" type="stmt"/>
      </file>
      <file name="DayList.js" path="/Users/linkwithlionhart/Library/Mobile Documents/com~apple~CloudDocs/Repos/lighthouse/React/scheduler-react/scheduler-2023/src/components/DayList.js">
        <metrics statements="3" coveredstatements="3" conditionals="0" coveredconditionals="0" methods="2" coveredmethods="2"/>
        <line num="6" count="11" type="stmt"/>
        <line num="7" count="14" type="stmt"/>
        <line num="18" count="11" type="stmt"/>
      </file>
      <file name="DayListItem.js" path="/Users/linkwithlionhart/Library/Mobile Documents/com~apple~CloudDocs/Repos/lighthouse/React/scheduler-react/scheduler-2023/src/components/DayListItem.js">
        <metrics statements="6" coveredstatements="6" conditionals="4" coveredconditionals="4" methods="3" coveredmethods="3"/>
        <line num="7" count="14" type="cond" truecount="2" falsecount="0"/>
        <line num="8" count="13" type="cond" truecount="2" falsecount="0"/>
        <line num="10" count="1" type="stmt"/>
        <line num="14" count="14" type="stmt"/>
        <line num="19" count="14" type="stmt"/>
        <line num="22" count="1" type="stmt"/>
      </file>
      <file name="InterviewerList.js" path="/Users/linkwithlionhart/Library/Mobile Documents/com~apple~CloudDocs/Repos/lighthouse/React/scheduler-react/scheduler-2023/src/components/InterviewerList.js">
        <metrics statements="5" coveredstatements="5" conditionals="0" coveredconditionals="0" methods="3" coveredmethods="3"/>
        <line num="9" count="19" type="stmt"/>
        <line num="10" count="24" type="stmt"/>
        <line num="17" count="1" type="stmt"/>
        <line num="22" count="19" type="stmt"/>
        <line num="30" count="2" type="stmt"/>
      </file>
      <file name="InterviewerListItem.js" path="/Users/linkwithlionhart/Library/Mobile Documents/com~apple~CloudDocs/Repos/lighthouse/React/scheduler-react/scheduler-2023/src/components/InterviewerListItem.js">
        <metrics statements="2" coveredstatements="2" conditionals="2" coveredconditionals="2" methods="1" coveredmethods="1"/>
        <line num="7" count="24" type="stmt"/>
        <line num="11" count="24" type="stmt"/>
      </file>
    </package>
    <package name="components.Appointment">
      <metrics statements="49" coveredstatements="45" conditionals="30" coveredconditionals="28" methods="22" coveredmethods="18"/>
      <file name="Confirm.js" path="/Users/linkwithlionhart/Library/Mobile Documents/com~apple~CloudDocs/Repos/lighthouse/React/scheduler-react/scheduler-2023/src/components/Appointment/Confirm.js">
        <metrics statements="1" coveredstatements="1" conditionals="0" coveredconditionals="0" methods="1" coveredmethods="1"/>
        <line num="6" count="1" type="stmt"/>
      </file>
      <file name="Empty.js" path="/Users/linkwithlionhart/Library/Mobile Documents/com~apple~CloudDocs/Repos/lighthouse/React/scheduler-react/scheduler-2023/src/components/Appointment/Empty.js">
        <metrics statements="1" coveredstatements="1" conditionals="0" coveredconditionals="0" methods="1" coveredmethods="1"/>
        <line num="4" count="18" type="stmt"/>
      </file>
      <file name="Error.js" path="/Users/linkwithlionhart/Library/Mobile Documents/com~apple~CloudDocs/Repos/lighthouse/React/scheduler-react/scheduler-2023/src/components/Appointment/Error.js">
        <metrics statements="1" coveredstatements="0" conditionals="0" coveredconditionals="0" methods="1" coveredmethods="0"/>
        <line num="4" count="0" type="stmt"/>
      </file>
      <file name="Form.js" path="/Users/linkwithlionhart/Library/Mobile Documents/com~apple~CloudDocs/Repos/lighthouse/React/scheduler-react/scheduler-2023/src/components/Appointment/Form.js">
        <metrics statements="19" coveredstatements="18" conditionals="8" coveredconditionals="8" methods="6" coveredmethods="5"/>
        <line num="7" count="19" type="cond" truecount="2" falsecount="0"/>
        <line num="8" count="19" type="cond" truecount="2" falsecount="0"/>
        <line num="9" count="19" type="stmt"/>
        <line num="12" count="1" type="stmt"/>
        <line num="13" count="1" type="stmt"/>
        <line num="14" count="1" type="stmt"/>
        <line num="18" count="1" type="stmt"/>
        <line num="19" count="1" type="stmt"/>
        <line num="23" count="6" type="cond" truecount="2" falsecount="0"/>
        <line num="24" count="2" type="stmt"/>
        <line num="25" count="2" type="stmt"/>
        <line num="28" count="4" type="cond" truecount="2" falsecount="0"/>
        <line num="29" count="2" type="stmt"/>
        <line num="30" count="2" type="stmt"/>
        <line num="33" count="2" type="stmt"/>
        <line num="34" count="2" type="stmt"/>
        <line num="37" count="19" type="stmt"/>
        <line num="40" count="0" type="stmt"/>
        <line num="48" count="4" type="stmt"/>
      </file>
      <file name="Header.js" path="/Users/linkwithlionhart/Library/Mobile Documents/com~apple~CloudDocs/Repos/lighthouse/React/scheduler-react/scheduler-2023/src/components/Appointment/Header.js">
        <metrics statements="1" coveredstatements="1" conditionals="0" coveredconditionals="0" methods="1" coveredmethods="1"/>
        <line num="4" count="32" type="stmt"/>
      </file>
      <file name="Show.js" path="/Users/linkwithlionhart/Library/Mobile Documents/com~apple~CloudDocs/Repos/lighthouse/React/scheduler-react/scheduler-2023/src/components/Appointment/Show.js">
        <metrics statements="1" coveredstatements="1" conditionals="2" coveredconditionals="2" methods="1" coveredmethods="1"/>
        <line num="4" count="7" type="stmt"/>
      </file>
      <file name="Status.js" path="/Users/linkwithlionhart/Library/Mobile Documents/com~apple~CloudDocs/Repos/lighthouse/React/scheduler-react/scheduler-2023/src/components/Appointment/Status.js">
        <metrics statements="1" coveredstatements="1" conditionals="0" coveredconditionals="0" methods="1" coveredmethods="1"/>
        <line num="4" count="4" type="stmt"/>
      </file>
      <file name="index.js" path="/Users/linkwithlionhart/Library/Mobile Documents/com~apple~CloudDocs/Repos/lighthouse/React/scheduler-react/scheduler-2023/src/components/Appointment/index.js">
        <metrics statements="24" coveredstatements="22" conditionals="20" coveredconditionals="18" methods="10" coveredmethods="8"/>
        <line num="12" count="1" type="stmt"/>
        <line num="13" count="1" type="stmt"/>
        <line num="14" count="1" type="stmt"/>
        <line num="15" count="1" type="stmt"/>
        <line num="16" count="1" type="stmt"/>
        <line num="17" count="1" type="stmt"/>
        <line num="18" count="1" type="stmt"/>
        <line num="19" count="1" type="stmt"/>
        <line num="20" count="1" type="stmt"/>
        <line num="24" count="32" type="cond" truecount="2" falsecount="0"/>
        <line num="25" count="32" type="stmt"/>
        <line num="26" count="32" type="stmt"/>
        <line num="29" count="1" type="stmt"/>
        <line num="34" count="1" type="stmt"/>
        <line num="36" count="1" type="stmt"/>
        <line num="38" count="1" type="stmt"/>
        <line num="39" count="0" type="stmt"/>
        <line num="43" count="1" type="stmt"/>
        <line num="44" count="1" type="stmt"/>
        <line num="46" count="1" type="stmt"/>
        <line num="47" count="0" type="stmt"/>
        <line num="50" count="32" type="stmt"/>
        <line num="58" count="1" type="stmt"/>
        <line num="59" count="1" type="stmt"/>
      </file>
    </package>
    <package name="helpers">
      <metrics statements="7" coveredstatements="7" conditionals="10" coveredconditionals="10" methods="7" coveredmethods="7"/>
      <file name="selectors.js" path="/Users/linkwithlionhart/Library/Mobile Documents/com~apple~CloudDocs/Repos/lighthouse/React/scheduler-react/scheduler-2023/src/helpers/selectors.js">
        <metrics statements="7" coveredstatements="7" conditionals="10" coveredconditionals="10" methods="7" coveredmethods="7"/>
        <line num="2" count="16" type="stmt"/>
        <line num="4" count="16" type="cond" truecount="4" falsecount="0"/>
        <line num="6" count="22" type="stmt"/>
        <line num="10" count="16" type="stmt"/>
        <line num="12" count="16" type="cond" truecount="4" falsecount="0"/>
        <line num="14" count="20" type="stmt"/>
        <line num="18" count="16" type="stmt"/>
      </file>
    </package>
    <package name="hooks">
      <metrics statements="23" coveredstatements="20" conditionals="9" coveredconditionals="5" methods="17" coveredmethods="16"/>
      <file name="useApplicationData.js" path="/Users/linkwithlionhart/Library/Mobile Documents/com~apple~CloudDocs/Repos/lighthouse/React/scheduler-react/scheduler-2023/src/hooks/useApplicationData.js">
        <metrics statements="11" coveredstatements="11" conditionals="0" coveredconditionals="0" methods="8" coveredmethods="8"/>
        <line num="14" count="11" type="stmt"/>
        <line num="21" count="11" type="stmt"/>
        <line num="23" count="11" type="stmt"/>
        <line num="24" count="4" type="stmt"/>
        <line num="30" count="4" type="stmt"/>
        <line num="39" count="11" type="stmt"/>
        <line num="42" count="1" type="stmt"/>
        <line num="43" count="1" type="stmt"/>
        <line num="52" count="1" type="stmt"/>
        <line num="53" count="1" type="stmt"/>
        <line num="61" count="11" type="stmt"/>
      </file>
      <file name="useRealtimeUpdate.js" path="/Users/linkwithlionhart/Library/Mobile Documents/com~apple~CloudDocs/Repos/lighthouse/React/scheduler-react/scheduler-2023/src/hooks/useRealtimeUpdate.js">
        <metrics statements="8" coveredstatements="5" conditionals="4" coveredconditionals="0" methods="4" coveredmethods="3"/>
        <line num="5" count="11" type="stmt"/>
        <line num="6" count="4" type="stmt"/>
        <line num="8" count="4" type="stmt"/>
        <line num="9" count="0" type="stmt"/>
        <line num="11" count="0" type="cond" truecount="0" falsecount="4"/>
        <line num="12" count="0" type="stmt"/>
        <line num="16" count="4" type="stmt"/>
        <line num="17" count="4" type="stmt"/>
      </file>
      <file name="useVisualMode.js" path="/Users/linkwithlionhart/Library/Mobile Documents/com~apple~CloudDocs/Repos/lighthouse/React/scheduler-react/scheduler-2023/src/hooks/useVisualMode.js">
        <metrics statements="4" coveredstatements="4" conditionals="5" coveredconditionals="5" methods="5" coveredmethods="5"/>
        <line num="5" count="45" type="stmt"/>
        <line num="9" count="12" type="cond" truecount="2" falsecount="0"/>
        <line num="14" count="4" type="cond" truecount="2" falsecount="0"/>
        <line num="17" count="45" type="stmt"/>
      </file>
    </package>
    <package name="reducers">
      <metrics statements="15" coveredstatements="15" conditionals="10" coveredconditionals="10" methods="4" coveredmethods="4"/>
      <file name="application.js" path="/Users/linkwithlionhart/Library/Mobile Documents/com~apple~CloudDocs/Repos/lighthouse/React/scheduler-react/scheduler-2023/src/reducers/application.js">
        <metrics statements="15" coveredstatements="15" conditionals="10" coveredconditionals="10" methods="4" coveredmethods="4"/>
        <line num="1" count="2" type="stmt"/>
        <line num="2" count="2" type="stmt"/>
        <line num="3" count="2" type="stmt"/>
        <line num="6" count="8" type="cond" truecount="4" falsecount="0"/>
        <line num="8" count="1" type="stmt"/>
        <line num="10" count="4" type="stmt"/>
        <line num="17" count="2" type="stmt"/>
        <line num="22" count="2" type="stmt"/>
        <line num="27" count="2" type="stmt"/>
        <line num="28" count="2" type="stmt"/>
        <line num="30" count="4" type="cond" truecount="2" falsecount="0"/>
        <line num="34" count="2" type="stmt"/>
        <line num="35" count="4" type="cond" truecount="2" falsecount="0"/>
        <line num="43" count="2" type="stmt"/>
        <line num="50" count="1" type="stmt"/>
      </file>
    </package>
  </project>
</coverage>
