TN:
SF:/Users/linkwithlionhart/Library/Mobile Documents/com~apple~CloudDocs/Repos/lighthouse/React/scheduler-react/scheduler-2023/src/components/Application.js
FN:16,Application
FN:27,(anonymous_1)
FNF:2
FNH:2
FNDA:11,Application
FNDA:14,(anonymous_1)
DA:22,11
DA:24,11
DA:26,11
DA:28,14
DA:41,11
LF:5
LH:5
BRF:0
BRH:0
end_of_record
TN:
SF:/Users/linkwithlionhart/Library/Mobile Documents/com~apple~CloudDocs/Repos/lighthouse/React/scheduler-react/scheduler-2023/src/components/Button.js
FN:7,Button
FNF:1
FNH:1
FNDA:41,Button
DA:8,41
DA:13,41
LF:2
LH:2
BRF:0
BRH:0
end_of_record
TN:
SF:/Users/linkwithlionhart/Library/Mobile Documents/com~apple~CloudDocs/Repos/lighthouse/React/scheduler-react/scheduler-2023/src/components/DayList.js
FN:5,DayList
FN:6,(anonymous_1)
FNF:2
FNH:2
FNDA:11,DayList
FNDA:14,(anonymous_1)
DA:6,11
DA:7,14
DA:18,11
LF:3
LH:3
BRF:0
BRH:0
end_of_record
TN:
SF:/Users/linkwithlionhart/Library/Mobile Documents/com~apple~CloudDocs/Repos/lighthouse/React/scheduler-react/scheduler-2023/src/components/DayListItem.js
FN:6,formatSpots
FN:13,DayListItem
FN:22,(anonymous_2)
FNF:3
FNH:3
FNDA:14,formatSpots
FNDA:14,DayListItem
FNDA:1,(anonymous_2)
DA:7,14
DA:8,13
DA:10,1
DA:14,14
DA:19,14
DA:22,1
LF:6
LH:6
BRDA:7,0,0,1
BRDA:7,0,1,13
BRDA:8,1,0,12
BRDA:8,1,1,1
BRF:4
BRH:4
end_of_record
TN:
SF:/Users/linkwithlionhart/Library/Mobile Documents/com~apple~CloudDocs/Repos/lighthouse/React/scheduler-react/scheduler-2023/src/components/InterviewerList.js
FN:8,InterviewerList
FN:9,(anonymous_1)
FN:17,(anonymous_2)
FNF:3
FNH:3
FNDA:19,InterviewerList
FNDA:24,(anonymous_1)
FNDA:1,(anonymous_2)
DA:9,19
DA:10,24
DA:17,1
DA:22,19
DA:30,2
LF:5
LH:5
BRF:0
BRH:0
end_of_record
TN:
SF:/Users/linkwithlionhart/Library/Mobile Documents/com~apple~CloudDocs/Repos/lighthouse/React/scheduler-react/scheduler-2023/src/components/InterviewerListItem.js
FN:6,InterviewerItem
FNF:1
FNH:1
FNDA:24,InterviewerItem
DA:7,24
DA:11,24
LF:2
LH:2
BRDA:18,0,0,24
BRDA:18,0,1,7
BRF:2
BRH:2
end_of_record
TN:
SF:/Users/linkwithlionhart/Library/Mobile Documents/com~apple~CloudDocs/Repos/lighthouse/React/scheduler-react/scheduler-2023/src/components/Appointment/Confirm.js
FN:5,Confirm
FNF:1
FNH:1
FNDA:1,Confirm
DA:6,1
LF:1
LH:1
BRF:0
BRH:0
end_of_record
TN:
SF:/Users/linkwithlionhart/Library/Mobile Documents/com~apple~CloudDocs/Repos/lighthouse/React/scheduler-react/scheduler-2023/src/components/Appointment/Empty.js
FN:3,Empty
FNF:1
FNH:1
FNDA:18,Empty
DA:4,18
LF:1
LH:1
BRF:0
BRH:0
end_of_record
TN:
SF:/Users/linkwithlionhart/Library/Mobile Documents/com~apple~CloudDocs/Repos/lighthouse/React/scheduler-react/scheduler-2023/src/components/Appointment/Error.js
FN:3,Error
FNF:1
FNH:0
FNDA:0,Error
DA:4,0
LF:1
LH:0
BRF:0
BRH:0
end_of_record
TN:
SF:/Users/linkwithlionhart/Library/Mobile Documents/com~apple~CloudDocs/Repos/lighthouse/React/scheduler-react/scheduler-2023/src/components/Appointment/Form.js
FN:6,Form
FN:11,reset
FN:17,cancel
FN:22,validate
FN:40,(anonymous_4)
FN:47,(anonymous_5)
FNF:6
FNH:5
FNDA:19,Form
FNDA:1,reset
FNDA:1,cancel
FNDA:6,validate
FNDA:0,(anonymous_4)
FNDA:4,(anonymous_5)
DA:7,19
DA:8,19
DA:9,19
DA:12,1
DA:13,1
DA:14,1
DA:18,1
DA:19,1
DA:23,6
DA:24,2
DA:25,2
DA:28,4
DA:29,2
DA:30,2
DA:33,2
DA:34,2
DA:37,19
DA:40,0
DA:48,4
LF:19
LH:18
BRDA:7,0,0,19
BRDA:7,0,1,10
BRDA:8,1,0,19
BRDA:8,1,1,13
BRDA:23,2,0,2
BRDA:23,2,1,4
BRDA:28,3,0,2
BRDA:28,3,1,2
BRF:8
BRH:8
end_of_record
TN:
SF:/Users/linkwithlionhart/Library/Mobile Documents/com~apple~CloudDocs/Repos/lighthouse/React/scheduler-react/scheduler-2023/src/components/Appointment/Header.js
FN:3,Header
FNF:1
FNH:1
FNDA:32,Header
DA:4,32
LF:1
LH:1
BRF:0
BRH:0
end_of_record
TN:
SF:/Users/linkwithlionhart/Library/Mobile Documents/com~apple~CloudDocs/Repos/lighthouse/React/scheduler-react/scheduler-2023/src/components/Appointment/Show.js
FN:3,Show
FNF:1
FNH:1
FNDA:7,Show
DA:4,7
LF:1
LH:1
BRDA:11,0,0,7
BRDA:11,0,1,7
BRF:2
BRH:2
end_of_record
TN:
SF:/Users/linkwithlionhart/Library/Mobile Documents/com~apple~CloudDocs/Repos/lighthouse/React/scheduler-react/scheduler-2023/src/components/Appointment/Status.js
FN:3,Status
FNF:1
FNH:1
FNDA:4,Status
DA:4,4
LF:1
LH:1
BRF:0
BRH:0
end_of_record
TN:
SF:/Users/linkwithlionhart/Library/Mobile Documents/com~apple~CloudDocs/Repos/lighthouse/React/scheduler-react/scheduler-2023/src/components/Appointment/index.js
FN:22,Appointment
FN:26,(anonymous_1)
FN:28,save
FN:38,(anonymous_3)
FN:39,(anonymous_4)
FN:42,destroy
FN:46,(anonymous_6)
FN:47,(anonymous_7)
FN:58,(anonymous_8)
FN:59,(anonymous_9)
FNF:10
FNH:8
FNDA:32,Appointment
FNDA:1,(anonymous_1)
FNDA:1,save
FNDA:1,(anonymous_3)
FNDA:0,(anonymous_4)
FNDA:1,destroy
FNDA:1,(anonymous_6)
FNDA:0,(anonymous_7)
FNDA:1,(anonymous_8)
FNDA:1,(anonymous_9)
DA:12,1
DA:13,1
DA:14,1
DA:15,1
DA:16,1
DA:17,1
DA:18,1
DA:19,1
DA:20,1
DA:24,32
DA:25,32
DA:26,32
DA:29,1
DA:34,1
DA:36,1
DA:38,1
DA:39,0
DA:43,1
DA:44,1
DA:46,1
DA:47,0
DA:50,32
DA:58,1
DA:59,1
LF:24
LH:22
BRDA:24,0,0,11
BRDA:24,0,1,21
BRDA:53,1,0,32
BRDA:53,1,1,18
BRDA:54,2,0,32
BRDA:54,2,1,7
BRDA:62,3,0,32
BRDA:62,3,1,1
BRDA:65,4,0,32
BRDA:65,4,1,1
BRDA:74,5,0,32
BRDA:74,5,1,2
BRDA:75,6,0,32
BRDA:75,6,1,2
BRDA:76,7,0,32
BRDA:76,7,1,1
BRDA:83,8,0,32
BRDA:83,8,1,0
BRDA:86,9,0,32
BRDA:86,9,1,0
BRF:20
BRH:18
end_of_record
TN:
SF:/Users/linkwithlionhart/Library/Mobile Documents/com~apple~CloudDocs/Repos/lighthouse/React/scheduler-react/scheduler-2023/src/helpers/selectors.js
FN:1,getAppointmentsForDay
FN:2,(anonymous_1)
FN:6,(anonymous_2)
FN:9,getInterviewersForDay
FN:10,(anonymous_4)
FN:14,(anonymous_5)
FN:17,getInterview
FNF:7
FNH:7
FNDA:16,getAppointmentsForDay
FNDA:14,(anonymous_1)
FNDA:22,(anonymous_2)
FNDA:16,getInterviewersForDay
FNDA:14,(anonymous_4)
FNDA:20,(anonymous_5)
FNDA:16,getInterview
DA:2,16
DA:4,16
DA:6,22
DA:10,16
DA:12,16
DA:14,20
DA:18,16
LF:7
LH:7
BRDA:4,0,0,6
BRDA:4,0,1,10
BRDA:4,1,0,16
BRDA:4,1,1,11
BRDA:12,2,0,6
BRDA:12,2,1,10
BRDA:12,3,0,16
BRDA:12,3,1,11
BRDA:19,4,0,16
BRDA:19,4,1,8
BRF:10
BRH:10
end_of_record
TN:
SF:/Users/linkwithlionhart/Library/Mobile Documents/com~apple~CloudDocs/Repos/lighthouse/React/scheduler-react/scheduler-2023/src/hooks/useApplicationData.js
FN:13,useApplicationData
FN:21,(anonymous_1)
FN:23,(anonymous_2)
FN:29,(anonymous_3)
FN:41,bookInterview
FN:42,(anonymous_5)
FN:51,cancelInterview
FN:52,(anonymous_7)
FNF:8
FNH:8
FNDA:11,useApplicationData
FNDA:1,(anonymous_1)
FNDA:4,(anonymous_2)
FNDA:4,(anonymous_3)
FNDA:1,bookInterview
FNDA:1,(anonymous_5)
FNDA:1,cancelInterview
FNDA:1,(anonymous_7)
DA:14,11
DA:21,11
DA:23,11
DA:24,4
DA:30,4
DA:39,11
DA:42,1
DA:43,1
DA:52,1
DA:53,1
DA:61,11
LF:11
LH:11
BRF:0
BRH:0
end_of_record
TN:
SF:/Users/linkwithlionhart/Library/Mobile Documents/com~apple~CloudDocs/Repos/lighthouse/React/scheduler-react/scheduler-2023/src/hooks/useRealtimeUpdate.js
FN:4,useRealtimeUpdate
FN:5,(anonymous_1)
FN:8,(anonymous_2)
FN:16,(anonymous_3)
FNF:4
FNH:3
FNDA:11,useRealtimeUpdate
FNDA:4,(anonymous_1)
FNDA:0,(anonymous_2)
FNDA:4,(anonymous_3)
DA:5,11
DA:6,4
DA:8,4
DA:9,0
DA:11,0
DA:12,0
DA:16,4
DA:17,4
LF:8
LH:5
BRDA:11,0,0,0
BRDA:11,0,1,0
BRDA:11,1,0,0
BRDA:11,1,1,0
BRF:4
BRH:0
end_of_record
TN:
SF:/Users/linkwithlionhart/Library/Mobile Documents/com~apple~CloudDocs/Repos/lighthouse/React/scheduler-react/scheduler-2023/src/hooks/useVisualMode.js
FN:3,useVisualMode
FN:7,transition
FN:9,(anonymous_2)
FN:12,back
FN:14,(anonymous_4)
FNF:5
FNH:5
FNDA:45,useVisualMode
FNDA:12,transition
FNDA:12,(anonymous_2)
FNDA:4,back
FNDA:4,(anonymous_4)
DA:5,45
DA:9,12
DA:14,4
DA:17,45
LF:4
LH:4
BRDA:7,0,0,10
BRDA:9,1,0,2
BRDA:9,1,1,10
BRDA:14,2,0,3
BRDA:14,2,1,1
BRF:5
BRH:5
end_of_record
TN:
SF:/Users/linkwithlionhart/Library/Mobile Documents/com~apple~CloudDocs/Repos/lighthouse/React/scheduler-react/scheduler-2023/src/reducers/application.js
FN:5,reducer
FN:27,(anonymous_1)
FN:30,(anonymous_2)
FN:34,(anonymous_3)
FNF:4
FNH:4
FNDA:8,reducer
FNDA:2,(anonymous_1)
FNDA:4,(anonymous_2)
FNDA:4,(anonymous_3)
DA:1,2
DA:2,2
DA:3,2
DA:6,8
DA:8,1
DA:10,4
DA:17,2
DA:22,2
DA:27,2
DA:28,2
DA:30,4
DA:34,2
DA:35,4
DA:43,2
DA:50,1
LF:15
LH:15
BRDA:6,0,0,1
BRDA:6,0,1,4
BRDA:6,0,2,2
BRDA:6,0,3,1
BRDA:19,1,0,2
BRDA:19,1,1,1
BRDA:30,2,0,2
BRDA:30,2,1,2
BRDA:35,3,0,2
BRDA:35,3,1,2
BRF:10
BRH:10
end_of_record
